<?xml version="1.0" encoding="UTF-8"?>
<!-- Generated by org.testng.reporters.JUnitReportReporter -->
<testsuite hostname="Afkar" failures="0" tests="1" name="com.ui.test.PageTestOne" time="1.261" errors="0" timestamp="2020-09-14T17:58:23 PDT" skipped="0">
  <testcase classname="com.ui.test.PageTestOne" name="login" time="1.261"/>
  <system-out/>
</testsuite> <!-- com.ui.test.PageTestOne -->
