<?xml version="1.0" encoding="UTF-8"?>
<!-- Generated by org.testng.reporters.JUnitReportReporter -->
<testsuite hostname="Afkar" failures="0" tests="2" name="com.ui.test.PageTestOneFlipkart" time="37.673" errors="0" timestamp="2020-10-05T20:58:47 PDT" skipped="0">
  <testcase classname="com.ui.test.PageTestOneFlipkart" name="flipKartTestPage" time="21.249"/>
  <system-out/>
  <testcase classname="com.ui.test.PageTestOneFlipkart" name="Login" time="16.424"/>
  <system-out/>
</testsuite> <!-- com.ui.test.PageTestOneFlipkart -->
